0 verbose cli /Users/toffee/.nvm/versions/node/v20.13.1/bin/node /Users/toffee/.nvm/versions/node/v20.13.1/bin/npm
1 info using npm@10.5.2
2 info using node@v20.13.1
3 timing npm:load:whichnode Completed in 1ms
4 timing config:load:defaults Completed in 1ms
5 timing config:load:file:/Users/toffee/.nvm/versions/node/v20.13.1/lib/node_modules/npm/npmrc Completed in 0ms
6 timing config:load:builtin Completed in 0ms
7 timing config:load:cli Completed in 1ms
8 timing config:load:env Completed in 1ms
9 timing config:load:file:/Users/toffee/Documents/Code Base/New Code Base/admin/.npmrc Completed in 1ms
10 timing config:load:project Completed in 1ms
11 timing config:load:file:/Users/toffee/.npmrc Completed in 0ms
12 timing config:load:user Completed in 0ms
13 timing config:load:file:/Users/toffee/.nvm/versions/node/v20.13.1/etc/npmrc Completed in 0ms
14 timing config:load:global Completed in 0ms
15 timing config:load:setEnvs Completed in 1ms
16 timing config:load Completed in 5ms
17 timing npm:load:configload Completed in 5ms
18 timing config:load:flatten Completed in 1ms
19 timing npm:load:mkdirpcache Completed in 0ms
20 timing npm:load:mkdirplogs Completed in 0ms
21 verbose title npm run dev
22 verbose argv "run" "dev"
23 timing npm:load:setTitle Completed in 5ms
24 timing npm:load:display Completed in 0ms
25 verbose logfile logs-max:10 dir:/Users/toffee/Documents/Code Base/New Code Base/admin/.npm-cache/_logs/2024-05-30T10_48_20_601Z-
26 verbose logfile /Users/toffee/Documents/Code Base/New Code Base/admin/.npm-cache/_logs/2024-05-30T10_48_20_601Z-debug-0.log
27 timing npm:load:logFile Completed in 2ms
28 timing npm:load:timers Completed in 0ms
29 timing npm:load:configScope Completed in 0ms
30 timing npm:load Completed in 20ms
31 silly logfile done cleaning log files
32 http fetch GET 200 https://registry.npmjs.org/npm 119ms
33 timing command:run Completed in 513ms
34 notice
34 notice New [33mminor[39m version of npm available! [31m10.5.2[39m -> [32m10.8.1[39m
34 notice Changelog: [36mhttps://github.com/npm/cli/releases/tag/v10.8.1[39m
34 notice Run [32mnpm install -g npm@10.8.1[39m to update!
34 notice
35 verbose exit 0
36 timing npm Completed in 548ms
37 info ok
